<?xml version="1.0" encoding="UTF-8"?>
<testsuite xmlns:xsi="http://www.w3.org/2001/XMLSchema-instance" xsi:noNamespaceSchemaLocation="https://maven.apache.org/surefire/maven-surefire-plugin/xsd/surefire-test-report-3.0.xsd" version="3.0" name="com.example.AppTest" time="0.014" tests="1" errors="0" skipped="0" failures="0">
  <properties>
    <property name="java.specification.version" value="21"/>
    <property name="sun.cpu.isalist" value="amd64"/>
    <property name="sun.jnu.encoding" value="Cp1252"/>
    <property name="java.class.path" value="C:\Users\Vasilije\Documents\Vasa\OS_SIIT\Semestar8\SBNZ\hyphenator\target\test-classes;C:\Users\Vasilije\Documents\Vasa\OS_SIIT\Semestar8\SBNZ\hyphenator\target\classes;C:\Users\Vasilije\.m2\repository\junit\junit\3.8.1\junit-3.8.1.jar;C:\Users\Vasilije\.m2\repository\org\drools\drools-core\8.44.0.Final\drools-core-8.44.0.Final.jar;C:\Users\Vasilije\.m2\repository\org\kie\kie-internal\8.44.0.Final\kie-internal-8.44.0.Final.jar;C:\Users\Vasilije\.m2\repository\org\kie\kie-util-xml\8.44.0.Final\kie-util-xml-8.44.0.Final.jar;C:\Users\Vasilije\.m2\repository\org\drools\drools-wiring-api\8.44.0.Final\drools-wiring-api-8.44.0.Final.jar;C:\Users\Vasilije\.m2\repository\org\drools\drools-base\8.44.0.Final\drools-base-8.44.0.Final.jar;C:\Users\Vasilije\.m2\repository\org\drools\drools-util\8.44.0.Final\drools-util-8.44.0.Final.jar;C:\Users\Vasilije\.m2\repository\org\drools\drools-wiring-static\8.44.0.Final\drools-wiring-static-8.44.0.Final.jar;C:\Users\Vasilije\.m2\repository\org\drools\drools-io\8.44.0.Final\drools-io-8.44.0.Final.jar;C:\Users\Vasilije\.m2\repository\org\slf4j\slf4j-api\1.7.30\slf4j-api-1.7.30.jar;C:\Users\Vasilije\.m2\repository\commons-codec\commons-codec\1.15\commons-codec-1.15.jar;C:\Users\Vasilije\.m2\repository\org\drools\drools-compiler\8.44.0.Final\drools-compiler-8.44.0.Final.jar;C:\Users\Vasilije\.m2\repository\org\drools\drools-drl-parser\8.44.0.Final\drools-drl-parser-8.44.0.Final.jar;C:\Users\Vasilije\.m2\repository\org\drools\drools-drl-extensions\8.44.0.Final\drools-drl-extensions-8.44.0.Final.jar;C:\Users\Vasilije\.m2\repository\org\drools\drools-drl-ast\8.44.0.Final\drools-drl-ast-8.44.0.Final.jar;C:\Users\Vasilije\.m2\repository\org\drools\drools-kiesession\8.44.0.Final\drools-kiesession-8.44.0.Final.jar;C:\Users\Vasilije\.m2\repository\org\kie\kie-memory-compiler\8.44.0.Final\kie-memory-compiler-8.44.0.Final.jar;C:\Users\Vasilije\.m2\repository\org\drools\drools-ecj\8.44.0.Final\drools-ecj-8.44.0.Final.jar;C:\Users\Vasilije\.m2\repository\org\eclipse\jdt\ecj\3.33.0\ecj-3.33.0.jar;C:\Users\Vasilije\.m2\repository\org\kie\kie-util-maven-support\8.44.0.Final\kie-util-maven-support-8.44.0.Final.jar;C:\Users\Vasilije\.m2\repository\org\antlr\antlr-runtime\3.5.2\antlr-runtime-3.5.2.jar;C:\Users\Vasilije\.m2\repository\org\kie\kie-api\8.44.0.Final\kie-api-8.44.0.Final.jar;"/>
    <property name="java.vm.vendor" value="Oracle Corporation"/>
    <property name="sun.arch.data.model" value="64"/>
    <property name="user.variant" value=""/>
    <property name="java.vendor.url" value="https://java.oracle.com/"/>
    <property name="user.timezone" value="Europe/Budapest"/>
    <property name="os.name" value="Windows 10"/>
    <property name="java.vm.specification.version" value="21"/>
    <property name="sun.java.launcher" value="SUN_STANDARD"/>
    <property name="user.country" value="US"/>
    <property name="sun.boot.library.path" value="C:\Users\Vasilije\.jdks\openjdk-21.0.1\bin"/>
    <property name="sun.java.command" value="C:\Users\Vasilije\AppData\Local\Temp\surefire8242286656362096212\surefirebooter-20250908211203174_3.jar C:\Users\Vasilije\AppData\Local\Temp\surefire8242286656362096212 2025-09-08T21-12-02_276-jvmRun1 surefire-20250908211203174_1tmp surefire_0-20250908211203174_2tmp"/>
    <property name="jdk.debug" value="release"/>
    <property name="surefire.test.class.path" value="C:\Users\Vasilije\Documents\Vasa\OS_SIIT\Semestar8\SBNZ\hyphenator\target\test-classes;C:\Users\Vasilije\Documents\Vasa\OS_SIIT\Semestar8\SBNZ\hyphenator\target\classes;C:\Users\Vasilije\.m2\repository\junit\junit\3.8.1\junit-3.8.1.jar;C:\Users\Vasilije\.m2\repository\org\drools\drools-core\8.44.0.Final\drools-core-8.44.0.Final.jar;C:\Users\Vasilije\.m2\repository\org\kie\kie-internal\8.44.0.Final\kie-internal-8.44.0.Final.jar;C:\Users\Vasilije\.m2\repository\org\kie\kie-util-xml\8.44.0.Final\kie-util-xml-8.44.0.Final.jar;C:\Users\Vasilije\.m2\repository\org\drools\drools-wiring-api\8.44.0.Final\drools-wiring-api-8.44.0.Final.jar;C:\Users\Vasilije\.m2\repository\org\drools\drools-base\8.44.0.Final\drools-base-8.44.0.Final.jar;C:\Users\Vasilije\.m2\repository\org\drools\drools-util\8.44.0.Final\drools-util-8.44.0.Final.jar;C:\Users\Vasilije\.m2\repository\org\drools\drools-wiring-static\8.44.0.Final\drools-wiring-static-8.44.0.Final.jar;C:\Users\Vasilije\.m2\repository\org\drools\drools-io\8.44.0.Final\drools-io-8.44.0.Final.jar;C:\Users\Vasilije\.m2\repository\org\slf4j\slf4j-api\1.7.30\slf4j-api-1.7.30.jar;C:\Users\Vasilije\.m2\repository\commons-codec\commons-codec\1.15\commons-codec-1.15.jar;C:\Users\Vasilije\.m2\repository\org\drools\drools-compiler\8.44.0.Final\drools-compiler-8.44.0.Final.jar;C:\Users\Vasilije\.m2\repository\org\drools\drools-drl-parser\8.44.0.Final\drools-drl-parser-8.44.0.Final.jar;C:\Users\Vasilije\.m2\repository\org\drools\drools-drl-extensions\8.44.0.Final\drools-drl-extensions-8.44.0.Final.jar;C:\Users\Vasilije\.m2\repository\org\drools\drools-drl-ast\8.44.0.Final\drools-drl-ast-8.44.0.Final.jar;C:\Users\Vasilije\.m2\repository\org\drools\drools-kiesession\8.44.0.Final\drools-kiesession-8.44.0.Final.jar;C:\Users\Vasilije\.m2\repository\org\kie\kie-memory-compiler\8.44.0.Final\kie-memory-compiler-8.44.0.Final.jar;C:\Users\Vasilije\.m2\repository\org\drools\drools-ecj\8.44.0.Final\drools-ecj-8.44.0.Final.jar;C:\Users\Vasilije\.m2\repository\org\eclipse\jdt\ecj\3.33.0\ecj-3.33.0.jar;C:\Users\Vasilije\.m2\repository\org\kie\kie-util-maven-support\8.44.0.Final\kie-util-maven-support-8.44.0.Final.jar;C:\Users\Vasilije\.m2\repository\org\antlr\antlr-runtime\3.5.2\antlr-runtime-3.5.2.jar;C:\Users\Vasilije\.m2\repository\org\kie\kie-api\8.44.0.Final\kie-api-8.44.0.Final.jar;"/>
    <property name="sun.cpu.endian" value="little"/>
    <property name="user.home" value="C:\Users\Vasilije"/>
    <property name="user.language" value="en"/>
    <property name="java.specification.vendor" value="Oracle Corporation"/>
    <property name="java.version.date" value="2023-10-17"/>
    <property name="java.home" value="C:\Users\Vasilije\.jdks\openjdk-21.0.1"/>
    <property name="file.separator" value="\"/>
    <property name="basedir" value="C:\Users\Vasilije\Documents\Vasa\OS_SIIT\Semestar8\SBNZ\hyphenator"/>
    <property name="java.vm.compressedOopsMode" value="Zero based"/>
    <property name="line.separator" value="&#10;"/>
    <property name="java.vm.specification.vendor" value="Oracle Corporation"/>
    <property name="java.specification.name" value="Java Platform API Specification"/>
    <property name="surefire.real.class.path" value="C:\Users\Vasilije\AppData\Local\Temp\surefire8242286656362096212\surefirebooter-20250908211203174_3.jar"/>
    <property name="user.script" value=""/>
    <property name="sun.management.compiler" value="HotSpot 64-Bit Tiered Compilers"/>
    <property name="java.runtime.version" value="21.0.1+12-29"/>
    <property name="user.name" value="Vasilije"/>
    <property name="stdout.encoding" value="Cp1252"/>
    <property name="path.separator" value=";"/>
    <property name="os.version" value="10.0"/>
    <property name="java.runtime.name" value="OpenJDK Runtime Environment"/>
    <property name="file.encoding" value="UTF-8"/>
    <property name="java.vm.name" value="OpenJDK 64-Bit Server VM"/>
    <property name="localRepository" value="C:\Users\Vasilije\.m2\repository"/>
    <property name="java.vendor.url.bug" value="https://bugreport.java.com/bugreport/"/>
    <property name="java.io.tmpdir" value="C:\Users\Vasilije\AppData\Local\Temp\"/>
    <property name="java.version" value="21.0.1"/>
    <property name="user.dir" value="C:\Users\Vasilije\Documents\Vasa\OS_SIIT\Semestar8\SBNZ\hyphenator"/>
    <property name="os.arch" value="amd64"/>
    <property name="java.vm.specification.name" value="Java Virtual Machine Specification"/>
    <property name="sun.os.patch.level" value=""/>
    <property name="native.encoding" value="Cp1252"/>
    <property name="java.library.path" value="C:\Users\Vasilije\.jdks\openjdk-21.0.1\bin;C:\Windows\Sun\Java\bin;C:\Windows\system32;C:\Windows;C:\apache-maven-3.9.11\bin;C:\Program Files\Common Files\Oracle\Java\javapath;C:\Program Files (x86)\Common Files\Oracle\Java\java8path;C:\Program Files (x86)\Common Files\Oracle\Java\javapath;C:\Program Files\PlasticSCM5\server;C:\Program Files\PlasticSCM5\client;C:\Python312\Scripts\;C:\Python312\;C:\Program Files\Docker\Docker\resources\bin;C:\Users\Vasilije\.jdks\corretto-11.0.22\bin;C:\oraclexe\app\oracle\product\11.2.0\server\bin;C:\Windows\system32;C:\Windows;C:\Windows\System32\Wbem;C:\Windows\System32\WindowsPowerShell\v1.0\;C:\Windows\System32\OpenSSH\;C:\Program Files\Microsoft SQL Server\150\Tools\Binn\;C:\Program Files\Git\cmd;C:\ProgramData\chocolatey\bin;C:\Program Files\Amazon\AWSCLIV2\;C:\Program Files\Microsoft SQL Server\Client SDK\ODBC\170\Tools\Binn\;C:\Program Files\nodejs\;C:\Program Files (x86)\Windows Kits\10\Windows Performance Toolkit\;C:\Users\Vasilije\AppData\Local\Programs\Python\Python311;C:\Users\Vasilije\AppData\Local\Programs\Python\Python311\Scripts;C:\Program Files\dotnet\;C:\Users\Vasilije\AppData\Local\Muse Hub\lib;C:\Users\Vasilije\AppData\Local\Programs\Python\Python310\Scripts\;C:\Users\Vasilije\AppData\Local\Programs\Python\Python310\;C:\Users\Vasilije\.cargo\bin;C:\Program Files\Docker\Docker\resources\bin;C:\Users\Vasilije\.jdks\corretto-11.0.22\bin;C:\Users\Vasilije\AppData\Local\Microsoft\WindowsApps;C:\Users\Vasilije\AppData\Local\Programs\Microsoft VS Code\bin;C:\Users\Vasilije\AppData\Roaming\npm;C:\Users\Vasilije\.dotnet\tools;C:\tools;C:\tools\php;;."/>
    <property name="java.vm.info" value="mixed mode, sharing"/>
    <property name="stderr.encoding" value="Cp1252"/>
    <property name="java.vendor" value="Oracle Corporation"/>
    <property name="java.vm.version" value="21.0.1+12-29"/>
    <property name="sun.io.unicode.encoding" value="UnicodeLittle"/>
    <property name="java.class.version" value="65.0"/>
  </properties>
  <testcase name="testApp" classname="com.example.AppTest" time="0.001"/>
</testsuite>